2016-01-27 09:48:47 [scrapy] INFO: Scrapy 1.0.3 started (bot: zhihu_crawl)
2016-01-27 09:48:47 [scrapy] INFO: Optional features available: ssl, http11
2016-01-27 09:48:47 [scrapy] INFO: Overridden settings: {'COOKIES_DEBUG': True, 'NEWSPIDER_MODULE': 'zhihu_crawl.spiders', 'LOG_LEVEL': 'INFO', 'CONCURRENT_REQUESTS_PER_DOMAIN': 16, 'CONCURRENT_REQUESTS': 50, 'SPIDER_MODULES': ['zhihu_crawl.spiders'], 'CONCURRENT_REQUESTS_PER_IP': 5, 'BOT_NAME': 'zhihu_crawl', 'COOKIES_ENABLED': False, 'LOG_FILE': 'zhihu.log', 'DOWNLOAD_DELAY': 0.5}
2016-01-27 09:48:47 [scrapy] INFO: Enabled extensions: CloseSpider, TelnetConsole, LogStats, CoreStats, SpiderState
2016-01-27 09:48:47 [py.warnings] WARNING: /Users/chenyong/ENV/lib/python2.7/site-packages/scrapy/utils/deprecate.py:155: ScrapyDeprecationWarning: `scrapy.contrib.downloadermiddleware.cookies.CookiesMiddleware` class is deprecated, use `scrapy.downloadermiddlewares.cookies.CookiesMiddleware` instead
  ScrapyDeprecationWarning)

2016-01-27 09:48:47 [scrapy] INFO: Enabled downloader middlewares: MyMiddleware, HttpAuthMiddleware, DownloadTimeoutMiddleware, UserAgentMiddleware, RetryMiddleware, DefaultHeadersMiddleware, MetaRefreshMiddleware, HttpCompressionMiddleware, RedirectMiddleware, ChunkedTransferMiddleware, DownloaderStats
2016-01-27 09:48:47 [scrapy] INFO: Enabled spider middlewares: HttpErrorMiddleware, OffsiteMiddleware, RefererMiddleware, UrlLengthMiddleware, DepthMiddleware
2016-01-27 09:48:47 [scrapy] INFO: Enabled item pipelines: ZhihuUserMongoPipeline
2016-01-27 09:48:47 [scrapy] INFO: Spider opened
2016-01-27 09:48:47 [scrapy] INFO: Crawled 0 pages (at 0 pages/min), scraped 0 items (at 0 items/min)
2016-01-27 09:49:47 [scrapy] INFO: Crawled 71 pages (at 71 pages/min), scraped 59 items (at 59 items/min)
2016-01-27 09:50:47 [scrapy] INFO: Crawled 141 pages (at 70 pages/min), scraped 95 items (at 36 items/min)
2016-01-27 09:51:47 [scrapy] INFO: Crawled 197 pages (at 56 pages/min), scraped 119 items (at 24 items/min)
2016-01-27 09:52:47 [scrapy] INFO: Crawled 267 pages (at 70 pages/min), scraped 167 items (at 48 items/min)
2016-01-27 09:53:47 [scrapy] INFO: Crawled 337 pages (at 70 pages/min), scraped 192 items (at 25 items/min)
2016-01-27 09:54:47 [scrapy] INFO: Crawled 394 pages (at 57 pages/min), scraped 227 items (at 35 items/min)
2016-01-27 09:55:47 [scrapy] INFO: Crawled 469 pages (at 75 pages/min), scraped 271 items (at 44 items/min)
2016-01-27 09:56:47 [scrapy] INFO: Crawled 536 pages (at 67 pages/min), scraped 296 items (at 25 items/min)
2016-01-27 09:57:47 [scrapy] INFO: Crawled 598 pages (at 62 pages/min), scraped 334 items (at 38 items/min)
2016-01-27 09:58:47 [scrapy] INFO: Crawled 672 pages (at 74 pages/min), scraped 375 items (at 41 items/min)
2016-01-27 09:59:47 [scrapy] INFO: Crawled 739 pages (at 67 pages/min), scraped 405 items (at 30 items/min)
2016-01-27 10:00:47 [scrapy] INFO: Crawled 798 pages (at 59 pages/min), scraped 441 items (at 36 items/min)
2016-01-27 10:01:47 [scrapy] INFO: Crawled 871 pages (at 73 pages/min), scraped 478 items (at 37 items/min)
2016-01-27 10:02:47 [scrapy] INFO: Crawled 935 pages (at 64 pages/min), scraped 508 items (at 30 items/min)
2016-01-27 10:03:47 [scrapy] INFO: Crawled 1001 pages (at 66 pages/min), scraped 546 items (at 38 items/min)
2016-01-27 10:04:47 [scrapy] INFO: Crawled 1072 pages (at 71 pages/min), scraped 580 items (at 34 items/min)
2016-01-27 10:05:47 [scrapy] INFO: Crawled 1133 pages (at 61 pages/min), scraped 611 items (at 31 items/min)
2016-01-27 10:06:37 [scrapy] INFO: Received SIGTERM, shutting down gracefully. Send again to force 
2016-01-27 10:06:37 [scrapy] INFO: Closing spider (shutdown)
2016-01-27 10:06:47 [scrapy] INFO: Crawled 1200 pages (at 67 pages/min), scraped 652 items (at 41 items/min)
2016-01-27 10:06:55 [scrapy] INFO: Received SIGTERM twice, forcing unclean shutdown
2016-01-27 10:08:32 [scrapy] INFO: Scrapy 1.0.3 started (bot: zhihu_crawl)
2016-01-27 10:08:32 [scrapy] INFO: Optional features available: ssl, http11
2016-01-27 10:08:32 [scrapy] INFO: Overridden settings: {'COOKIES_DEBUG': True, 'NEWSPIDER_MODULE': 'zhihu_crawl.spiders', 'LOG_LEVEL': 'INFO', 'CONCURRENT_REQUESTS_PER_DOMAIN': 16, 'CONCURRENT_REQUESTS': 50, 'SPIDER_MODULES': ['zhihu_crawl.spiders'], 'CONCURRENT_REQUESTS_PER_IP': 5, 'BOT_NAME': 'zhihu_crawl', 'COOKIES_ENABLED': False, 'LOG_FILE': 'zhihu.log', 'DOWNLOAD_DELAY': 0.5}
2016-01-27 10:08:32 [scrapy] INFO: Enabled extensions: CloseSpider, TelnetConsole, LogStats, CoreStats, SpiderState
2016-01-27 10:08:32 [py.warnings] WARNING: /Users/chenyong/ENV/lib/python2.7/site-packages/scrapy/utils/deprecate.py:155: ScrapyDeprecationWarning: `scrapy.contrib.downloadermiddleware.cookies.CookiesMiddleware` class is deprecated, use `scrapy.downloadermiddlewares.cookies.CookiesMiddleware` instead
  ScrapyDeprecationWarning)

2016-01-27 10:08:32 [scrapy] INFO: Enabled downloader middlewares: MyMiddleware, HttpAuthMiddleware, DownloadTimeoutMiddleware, UserAgentMiddleware, RetryMiddleware, DefaultHeadersMiddleware, MetaRefreshMiddleware, HttpCompressionMiddleware, RedirectMiddleware, ChunkedTransferMiddleware, DownloaderStats
2016-01-27 10:08:32 [scrapy] INFO: Enabled spider middlewares: HttpErrorMiddleware, OffsiteMiddleware, RefererMiddleware, UrlLengthMiddleware, DepthMiddleware
2016-01-27 10:08:32 [scrapy] INFO: Enabled item pipelines: ZhihuUserMongoPipeline
2016-01-27 10:08:32 [scrapy] INFO: Spider opened
2016-01-27 10:08:32 [scrapy] INFO: Crawled 0 pages (at 0 pages/min), scraped 0 items (at 0 items/min)
2016-01-27 10:09:32 [scrapy] INFO: Crawled 45 pages (at 45 pages/min), scraped 41 items (at 41 items/min)
2016-01-27 10:10:32 [scrapy] INFO: Crawled 138 pages (at 93 pages/min), scraped 85 items (at 44 items/min)
2016-01-27 10:10:43 [scrapy] INFO: Received SIGTERM, shutting down gracefully. Send again to force 
2016-01-27 10:10:43 [scrapy] INFO: Closing spider (shutdown)
2016-01-27 10:11:14 [scrapy] INFO: Dumping Scrapy stats:
{'downloader/request_bytes': 334968,
 'downloader/request_count': 262,
 'downloader/request_method_count/GET': 261,
 'downloader/request_method_count/POST': 1,
 'downloader/response_bytes': 3022811,
 'downloader/response_count': 262,
 'downloader/response_status_count/200': 159,
 'downloader/response_status_count/302': 103,
 'dupefilter/filtered': 197,
 'finish_reason': 'shutdown',
 'finish_time': datetime.datetime(2016, 1, 27, 2, 11, 14, 385596),
 'item_scraped_count': 94,
 'log_count/INFO': 10,
 'log_count/WARNING': 1,
 'request_depth_max': 8,
 'response_received_count': 159,
 'scheduler/dequeued': 262,
 'scheduler/dequeued/memory': 262,
 'scheduler/enqueued': 1020,
 'scheduler/enqueued/memory': 1020,
 'start_time': datetime.datetime(2016, 1, 27, 2, 8, 32, 571152)}
2016-01-27 10:11:14 [scrapy] INFO: Spider closed (shutdown)
2016-01-27 10:17:20 [scrapy] INFO: Scrapy 1.0.3 started (bot: zhihu_crawl)
2016-01-27 10:17:20 [scrapy] INFO: Optional features available: ssl, http11
2016-01-27 10:17:20 [scrapy] INFO: Overridden settings: {'COOKIES_DEBUG': True, 'NEWSPIDER_MODULE': 'zhihu_crawl.spiders', 'LOG_LEVEL': 'INFO', 'CONCURRENT_REQUESTS_PER_DOMAIN': 16, 'CONCURRENT_REQUESTS': 50, 'SPIDER_MODULES': ['zhihu_crawl.spiders'], 'CONCURRENT_REQUESTS_PER_IP': 5, 'BOT_NAME': 'zhihu_crawl', 'COOKIES_ENABLED': False, 'LOGSTATS_INTERVAL': 0, 'LOG_FILE': 'zhihu.log', 'DOWNLOAD_DELAY': 0.5}
2016-01-27 10:17:20 [scrapy] INFO: Enabled extensions: CloseSpider, TelnetConsole, CoreStats, SpiderState
2016-01-27 10:17:20 [py.warnings] WARNING: /Users/chenyong/ENV/lib/python2.7/site-packages/scrapy/utils/deprecate.py:155: ScrapyDeprecationWarning: `scrapy.contrib.downloadermiddleware.cookies.CookiesMiddleware` class is deprecated, use `scrapy.downloadermiddlewares.cookies.CookiesMiddleware` instead
  ScrapyDeprecationWarning)

2016-01-27 10:17:20 [scrapy] INFO: Enabled downloader middlewares: MyMiddleware, HttpAuthMiddleware, DownloadTimeoutMiddleware, UserAgentMiddleware, RetryMiddleware, DefaultHeadersMiddleware, MetaRefreshMiddleware, HttpCompressionMiddleware, RedirectMiddleware, ChunkedTransferMiddleware, DownloaderStats
2016-01-27 10:17:20 [scrapy] INFO: Enabled spider middlewares: HttpErrorMiddleware, OffsiteMiddleware, RefererMiddleware, UrlLengthMiddleware, DepthMiddleware
2016-01-27 10:17:20 [scrapy] INFO: Enabled item pipelines: ZhihuUserMongoPipeline
2016-01-27 10:17:20 [scrapy] INFO: Spider opened
2016-01-27 10:20:43 [scrapy] INFO: Scrapy 1.0.3 started (bot: zhihu_crawl)
2016-01-27 10:20:43 [scrapy] INFO: Optional features available: ssl, http11
2016-01-27 10:20:43 [scrapy] INFO: Overridden settings: {'COOKIES_DEBUG': True, 'NEWSPIDER_MODULE': 'zhihu_crawl.spiders', 'LOG_LEVEL': 'INFO', 'CONCURRENT_REQUESTS_PER_DOMAIN': 16, 'CONCURRENT_REQUESTS': 50, 'SPIDER_MODULES': ['zhihu_crawl.spiders'], 'CONCURRENT_REQUESTS_PER_IP': 5, 'BOT_NAME': 'zhihu_crawl', 'COOKIES_ENABLED': False, 'LOG_FILE': 'zhihu.log', 'DOWNLOAD_DELAY': 0.5}
2016-01-27 10:20:43 [scrapy] INFO: Enabled extensions: CloseSpider, TelnetConsole, LogStats, CoreStats, SpiderState
2016-01-27 10:20:43 [py.warnings] WARNING: /Users/chenyong/ENV/lib/python2.7/site-packages/scrapy/utils/deprecate.py:155: ScrapyDeprecationWarning: `scrapy.contrib.downloadermiddleware.cookies.CookiesMiddleware` class is deprecated, use `scrapy.downloadermiddlewares.cookies.CookiesMiddleware` instead
  ScrapyDeprecationWarning)

2016-01-27 10:20:43 [scrapy] INFO: Enabled downloader middlewares: MyMiddleware, HttpAuthMiddleware, DownloadTimeoutMiddleware, UserAgentMiddleware, RetryMiddleware, DefaultHeadersMiddleware, MetaRefreshMiddleware, HttpCompressionMiddleware, RedirectMiddleware, ChunkedTransferMiddleware, DownloaderStats
2016-01-27 10:20:43 [scrapy] INFO: Enabled spider middlewares: HttpErrorMiddleware, OffsiteMiddleware, RefererMiddleware, UrlLengthMiddleware, DepthMiddleware
2016-01-27 10:20:43 [scrapy] INFO: Enabled item pipelines: ZhihuUserMongoPipeline
2016-01-27 10:20:43 [scrapy] INFO: Spider opened
2016-01-27 10:20:43 [scrapy] INFO: Crawled 0 pages (at 0 pages/min), scraped 0 items (at 0 items/min)
2016-01-27 10:21:43 [scrapy] INFO: Crawled 45 pages (at 45 pages/min), scraped 41 items (at 41 items/min)
2016-01-27 10:22:43 [scrapy] INFO: Crawled 132 pages (at 87 pages/min), scraped 77 items (at 36 items/min)
2016-01-27 10:23:43 [scrapy] INFO: Crawled 183 pages (at 51 pages/min), scraped 92 items (at 15 items/min)
2016-01-27 10:24:43 [scrapy] INFO: Crawled 246 pages (at 63 pages/min), scraped 140 items (at 48 items/min)
2016-01-27 10:25:43 [scrapy] INFO: Crawled 321 pages (at 75 pages/min), scraped 166 items (at 26 items/min)
2016-01-27 10:26:43 [scrapy] INFO: Crawled 370 pages (at 49 pages/min), scraped 192 items (at 26 items/min)
2016-01-27 10:27:43 [scrapy] INFO: Crawled 447 pages (at 77 pages/min), scraped 239 items (at 47 items/min)
2016-01-27 10:28:43 [scrapy] INFO: Crawled 512 pages (at 65 pages/min), scraped 259 items (at 20 items/min)
2016-01-27 10:29:43 [scrapy] INFO: Crawled 567 pages (at 55 pages/min), scraped 293 items (at 34 items/min)
2016-01-27 10:30:43 [scrapy] INFO: Crawled 647 pages (at 80 pages/min), scraped 338 items (at 45 items/min)
2016-01-27 10:31:43 [scrapy] INFO: Crawled 708 pages (at 61 pages/min), scraped 355 items (at 17 items/min)
2016-01-27 10:32:43 [scrapy] INFO: Crawled 767 pages (at 59 pages/min), scraped 396 items (at 41 items/min)
2016-01-27 10:33:43 [scrapy] INFO: Crawled 847 pages (at 80 pages/min), scraped 437 items (at 41 items/min)
2016-01-27 10:34:43 [scrapy] INFO: Crawled 904 pages (at 57 pages/min), scraped 454 items (at 17 items/min)
2016-01-27 10:35:43 [scrapy] INFO: Crawled 963 pages (at 59 pages/min), scraped 497 items (at 43 items/min)
2016-01-27 10:36:43 [scrapy] INFO: Crawled 1048 pages (at 85 pages/min), scraped 540 items (at 43 items/min)
2016-01-27 10:37:43 [scrapy] INFO: Crawled 1100 pages (at 52 pages/min), scraped 550 items (at 10 items/min)
2016-01-27 10:38:43 [scrapy] INFO: Crawled 1154 pages (at 54 pages/min), scraped 595 items (at 45 items/min)
2016-01-27 10:39:43 [scrapy] INFO: Crawled 1245 pages (at 91 pages/min), scraped 639 items (at 44 items/min)
2016-01-27 10:40:43 [scrapy] INFO: Crawled 1298 pages (at 53 pages/min), scraped 651 items (at 12 items/min)
2016-01-27 10:41:43 [scrapy] INFO: Crawled 1354 pages (at 56 pages/min), scraped 694 items (at 43 items/min)
2016-01-27 10:42:43 [scrapy] INFO: Crawled 1443 pages (at 89 pages/min), scraped 739 items (at 45 items/min)
2016-01-27 10:43:43 [scrapy] INFO: Crawled 1495 pages (at 52 pages/min), scraped 747 items (at 8 items/min)
2016-01-27 10:44:43 [scrapy] INFO: Crawled 1552 pages (at 57 pages/min), scraped 792 items (at 45 items/min)
2016-01-27 10:45:43 [scrapy] INFO: Crawled 1637 pages (at 85 pages/min), scraped 833 items (at 41 items/min)
2016-01-27 10:46:43 [scrapy] INFO: Crawled 1693 pages (at 56 pages/min), scraped 849 items (at 16 items/min)
2016-01-27 10:47:43 [scrapy] INFO: Crawled 1751 pages (at 58 pages/min), scraped 890 items (at 41 items/min)
2016-01-27 10:48:43 [scrapy] INFO: Crawled 1834 pages (at 83 pages/min), scraped 933 items (at 43 items/min)
2016-01-27 10:49:43 [scrapy] INFO: Crawled 1890 pages (at 56 pages/min), scraped 948 items (at 15 items/min)
2016-01-27 10:50:43 [scrapy] INFO: Crawled 1952 pages (at 62 pages/min), scraped 991 items (at 43 items/min)
2016-01-27 10:51:43 [scrapy] INFO: Crawled 2028 pages (at 76 pages/min), scraped 1026 items (at 35 items/min)
2016-01-27 10:52:43 [scrapy] INFO: Crawled 2087 pages (at 59 pages/min), scraped 1053 items (at 27 items/min)
2016-01-27 10:53:43 [scrapy] INFO: Crawled 2153 pages (at 66 pages/min), scraped 1087 items (at 34 items/min)
2016-01-27 10:54:43 [scrapy] INFO: Crawled 2221 pages (at 68 pages/min), scraped 1120 items (at 33 items/min)
2016-01-27 10:55:43 [scrapy] INFO: Crawled 2283 pages (at 62 pages/min), scraped 1151 items (at 31 items/min)
2016-01-27 10:56:43 [scrapy] INFO: Crawled 2351 pages (at 68 pages/min), scraped 1183 items (at 32 items/min)
2016-01-27 10:57:43 [scrapy] INFO: Crawled 2407 pages (at 56 pages/min), scraped 1208 items (at 25 items/min)
2016-01-27 10:58:43 [scrapy] INFO: Crawled 2477 pages (at 70 pages/min), scraped 1251 items (at 43 items/min)
2016-01-27 10:59:43 [scrapy] INFO: Crawled 2552 pages (at 75 pages/min), scraped 1283 items (at 32 items/min)
2016-01-27 11:00:43 [scrapy] INFO: Crawled 2607 pages (at 55 pages/min), scraped 1306 items (at 23 items/min)
2016-01-27 11:01:43 [scrapy] INFO: Crawled 2673 pages (at 66 pages/min), scraped 1350 items (at 44 items/min)
2016-01-27 11:02:43 [scrapy] INFO: Crawled 2751 pages (at 78 pages/min), scraped 1384 items (at 34 items/min)
2016-01-27 11:03:43 [scrapy] INFO: Crawled 2802 pages (at 51 pages/min), scraped 1403 items (at 19 items/min)
2016-01-27 11:04:43 [scrapy] INFO: Crawled 2868 pages (at 66 pages/min), scraped 1448 items (at 45 items/min)
2016-01-27 11:05:43 [scrapy] INFO: Crawled 2943 pages (at 75 pages/min), scraped 1478 items (at 30 items/min)
2016-01-27 11:06:43 [scrapy] INFO: Crawled 3000 pages (at 57 pages/min), scraped 1503 items (at 25 items/min)
2016-01-27 11:07:43 [scrapy] INFO: Crawled 3063 pages (at 63 pages/min), scraped 1544 items (at 41 items/min)
2016-01-27 11:08:43 [scrapy] INFO: Crawled 3138 pages (at 75 pages/min), scraped 1576 items (at 32 items/min)
2016-01-27 11:09:43 [scrapy] INFO: Crawled 3195 pages (at 57 pages/min), scraped 1601 items (at 25 items/min)
2016-01-27 11:10:43 [scrapy] INFO: Crawled 3267 pages (at 72 pages/min), scraped 1648 items (at 47 items/min)
2016-01-27 11:11:43 [scrapy] INFO: Crawled 3335 pages (at 68 pages/min), scraped 1680 items (at 32 items/min)
2016-01-27 11:12:43 [scrapy] INFO: Crawled 3395 pages (at 60 pages/min), scraped 1706 items (at 26 items/min)
2016-01-27 11:13:43 [scrapy] INFO: Crawled 3460 pages (at 65 pages/min), scraped 1742 items (at 36 items/min)
2016-01-27 11:14:43 [scrapy] INFO: Crawled 3521 pages (at 61 pages/min), scraped 1772 items (at 30 items/min)
2016-01-27 11:15:43 [scrapy] INFO: Crawled 3595 pages (at 74 pages/min), scraped 1810 items (at 38 items/min)
2016-01-27 11:16:43 [scrapy] INFO: Crawled 3653 pages (at 58 pages/min), scraped 1832 items (at 22 items/min)
2016-01-27 11:17:43 [scrapy] INFO: Crawled 3717 pages (at 64 pages/min), scraped 1875 items (at 43 items/min)
2016-01-27 11:18:43 [scrapy] INFO: Crawled 3792 pages (at 75 pages/min), scraped 1910 items (at 35 items/min)
2016-01-27 11:19:43 [scrapy] INFO: Crawled 3852 pages (at 60 pages/min), scraped 1934 items (at 24 items/min)
2016-01-27 11:20:43 [scrapy] INFO: Crawled 3916 pages (at 64 pages/min), scraped 1973 items (at 39 items/min)
2016-01-27 11:21:43 [scrapy] INFO: Crawled 3986 pages (at 70 pages/min), scraped 2005 items (at 32 items/min)
2016-01-27 11:22:43 [scrapy] INFO: Crawled 4050 pages (at 64 pages/min), scraped 2033 items (at 28 items/min)
2016-01-27 11:23:43 [scrapy] INFO: Crawled 4113 pages (at 63 pages/min), scraped 2070 items (at 37 items/min)
2016-01-27 11:24:43 [scrapy] INFO: Crawled 4187 pages (at 74 pages/min), scraped 2105 items (at 35 items/min)
2016-01-27 11:25:43 [scrapy] INFO: Crawled 4246 pages (at 59 pages/min), scraped 2130 items (at 25 items/min)
2016-01-27 11:26:43 [scrapy] INFO: Crawled 4310 pages (at 64 pages/min), scraped 2168 items (at 38 items/min)
2016-01-27 11:27:43 [scrapy] INFO: Crawled 4381 pages (at 71 pages/min), scraped 2202 items (at 34 items/min)
2016-01-27 11:28:43 [scrapy] INFO: Crawled 4442 pages (at 61 pages/min), scraped 2230 items (at 28 items/min)
2016-01-27 11:29:43 [scrapy] INFO: Crawled 4507 pages (at 65 pages/min), scraped 2265 items (at 35 items/min)
2016-01-27 11:30:43 [scrapy] INFO: Crawled 4574 pages (at 67 pages/min), scraped 2293 items (at 28 items/min)
2016-01-27 11:31:43 [scrapy] INFO: Crawled 4639 pages (at 65 pages/min), scraped 2325 items (at 32 items/min)
2016-01-27 11:32:43 [scrapy] INFO: Crawled 4707 pages (at 68 pages/min), scraped 2363 items (at 38 items/min)
2016-01-27 11:33:43 [scrapy] INFO: Crawled 4767 pages (at 60 pages/min), scraped 2385 items (at 22 items/min)
2016-01-27 11:34:43 [scrapy] INFO: Crawled 4832 pages (at 65 pages/min), scraped 2423 items (at 38 items/min)
2016-01-27 11:35:43 [scrapy] INFO: Crawled 4903 pages (at 71 pages/min), scraped 2456 items (at 33 items/min)
2016-01-27 11:36:43 [scrapy] INFO: Crawled 4962 pages (at 59 pages/min), scraped 2480 items (at 24 items/min)
2016-01-27 11:37:43 [scrapy] INFO: Crawled 5025 pages (at 63 pages/min), scraped 2520 items (at 40 items/min)
2016-01-27 11:38:43 [scrapy] INFO: Crawled 5102 pages (at 77 pages/min), scraped 2555 items (at 35 items/min)
2016-01-27 11:39:43 [scrapy] INFO: Crawled 5157 pages (at 55 pages/min), scraped 2575 items (at 20 items/min)
2016-01-27 11:40:43 [scrapy] INFO: Crawled 5220 pages (at 63 pages/min), scraped 2615 items (at 40 items/min)
2016-01-27 11:41:43 [scrapy] INFO: Crawled 5295 pages (at 75 pages/min), scraped 2648 items (at 33 items/min)
2016-01-27 11:42:43 [scrapy] INFO: Crawled 5350 pages (at 55 pages/min), scraped 2671 items (at 23 items/min)
2016-01-27 11:43:43 [scrapy] INFO: Crawled 5418 pages (at 68 pages/min), scraped 2712 items (at 41 items/min)
2016-01-27 11:44:43 [scrapy] INFO: Crawled 5484 pages (at 66 pages/min), scraped 2741 items (at 29 items/min)
2016-01-27 11:45:43 [scrapy] INFO: Crawled 5545 pages (at 61 pages/min), scraped 2771 items (at 30 items/min)
2016-01-27 11:46:43 [scrapy] INFO: Crawled 5609 pages (at 64 pages/min), scraped 2804 items (at 33 items/min)
2016-01-27 11:47:43 [scrapy] INFO: Crawled 5675 pages (at 66 pages/min), scraped 2836 items (at 32 items/min)
2016-01-27 11:48:43 [scrapy] INFO: Crawled 5743 pages (at 68 pages/min), scraped 2871 items (at 35 items/min)
2016-01-27 11:49:43 [scrapy] INFO: Crawled 5808 pages (at 65 pages/min), scraped 2901 items (at 30 items/min)
2016-01-27 11:50:43 [scrapy] INFO: Crawled 5867 pages (at 59 pages/min), scraped 2932 items (at 31 items/min)
2016-01-27 11:51:43 [scrapy] INFO: Crawled 5937 pages (at 70 pages/min), scraped 2970 items (at 38 items/min)
2016-01-27 11:52:43 [scrapy] INFO: Crawled 6007 pages (at 70 pages/min), scraped 2997 items (at 27 items/min)
2016-01-27 11:53:43 [scrapy] INFO: Crawled 6060 pages (at 53 pages/min), scraped 3021 items (at 24 items/min)
2016-01-27 11:54:43 [scrapy] INFO: Crawled 6130 pages (at 70 pages/min), scraped 3066 items (at 45 items/min)
2016-01-27 11:55:43 [scrapy] INFO: Crawled 6202 pages (at 72 pages/min), scraped 3091 items (at 25 items/min)
2016-01-27 11:56:43 [scrapy] INFO: Crawled 6256 pages (at 54 pages/min), scraped 3118 items (at 27 items/min)
2016-01-27 11:57:43 [scrapy] INFO: Crawled 6329 pages (at 73 pages/min), scraped 3164 items (at 46 items/min)
2016-01-27 11:58:43 [scrapy] INFO: Crawled 6396 pages (at 67 pages/min), scraped 3185 items (at 21 items/min)
2016-01-27 11:59:43 [scrapy] INFO: Crawled 6450 pages (at 54 pages/min), scraped 3219 items (at 34 items/min)
2016-01-27 12:00:43 [scrapy] INFO: Crawled 6529 pages (at 79 pages/min), scraped 3263 items (at 44 items/min)
2016-01-27 12:01:43 [scrapy] INFO: Crawled 6590 pages (at 61 pages/min), scraped 3283 items (at 20 items/min)
2016-01-27 12:02:43 [scrapy] INFO: Crawled 6649 pages (at 59 pages/min), scraped 3320 items (at 37 items/min)
2016-01-27 12:03:43 [scrapy] INFO: Crawled 6722 pages (at 73 pages/min), scraped 3355 items (at 35 items/min)
2016-01-27 12:04:43 [scrapy] INFO: Crawled 6775 pages (at 53 pages/min), scraped 3378 items (at 23 items/min)
2016-01-27 12:05:43 [scrapy] INFO: Crawled 6844 pages (at 69 pages/min), scraped 3416 items (at 38 items/min)
2016-01-27 12:06:43 [scrapy] INFO: Crawled 6910 pages (at 66 pages/min), scraped 3441 items (at 25 items/min)
2016-01-27 12:07:43 [scrapy] INFO: Crawled 6965 pages (at 55 pages/min), scraped 3474 items (at 33 items/min)
2016-01-27 12:08:43 [scrapy] INFO: Crawled 7044 pages (at 79 pages/min), scraped 3517 items (at 43 items/min)
2016-01-27 12:09:43 [scrapy] INFO: Crawled 7103 pages (at 59 pages/min), scraped 3536 items (at 19 items/min)
2016-01-27 12:10:43 [scrapy] INFO: Crawled 7161 pages (at 58 pages/min), scraped 3570 items (at 34 items/min)
2016-01-27 12:11:43 [scrapy] INFO: Crawled 7238 pages (at 77 pages/min), scraped 3612 items (at 42 items/min)
2016-01-27 12:12:43 [scrapy] INFO: Crawled 7298 pages (at 60 pages/min), scraped 3632 items (at 20 items/min)
2016-01-27 12:13:43 [scrapy] INFO: Crawled 7360 pages (at 62 pages/min), scraped 3672 items (at 40 items/min)
2016-01-27 12:14:43 [scrapy] INFO: Crawled 7432 pages (at 72 pages/min), scraped 3704 items (at 32 items/min)
2016-01-27 12:15:43 [scrapy] INFO: Crawled 7496 pages (at 64 pages/min), scraped 3735 items (at 31 items/min)
2016-01-27 12:16:43 [scrapy] INFO: Crawled 7562 pages (at 66 pages/min), scraped 3768 items (at 33 items/min)
2016-01-27 12:17:43 [scrapy] INFO: Crawled 7623 pages (at 61 pages/min), scraped 3794 items (at 26 items/min)
2016-01-27 12:18:43 [scrapy] INFO: Crawled 7687 pages (at 64 pages/min), scraped 3829 items (at 35 items/min)
2016-01-27 12:19:43 [scrapy] INFO: Crawled 7756 pages (at 69 pages/min), scraped 3861 items (at 32 items/min)
2016-01-27 12:20:43 [scrapy] INFO: Crawled 7819 pages (at 63 pages/min), scraped 3890 items (at 29 items/min)
2016-01-27 12:21:43 [scrapy] INFO: Crawled 7883 pages (at 64 pages/min), scraped 3927 items (at 37 items/min)
2016-01-27 12:22:43 [scrapy] INFO: Crawled 7945 pages (at 62 pages/min), scraped 3958 items (at 31 items/min)
2016-01-27 12:23:43 [scrapy] INFO: Crawled 8009 pages (at 64 pages/min), scraped 3984 items (at 26 items/min)
2016-01-27 12:24:43 [scrapy] INFO: Crawled 8069 pages (at 60 pages/min), scraped 4016 items (at 32 items/min)
2016-01-27 12:25:43 [scrapy] INFO: Crawled 8139 pages (at 70 pages/min), scraped 4052 items (at 36 items/min)
2016-01-27 12:26:43 [scrapy] INFO: Crawled 8204 pages (at 65 pages/min), scraped 4081 items (at 29 items/min)
2016-01-27 12:27:43 [scrapy] INFO: Crawled 8266 pages (at 62 pages/min), scraped 4110 items (at 29 items/min)
2016-01-27 12:28:43 [scrapy] INFO: Crawled 8329 pages (at 63 pages/min), scraped 4146 items (at 36 items/min)
2016-01-27 12:29:43 [scrapy] INFO: Crawled 8400 pages (at 71 pages/min), scraped 4180 items (at 34 items/min)
2016-01-27 12:30:43 [scrapy] INFO: Crawled 8462 pages (at 62 pages/min), scraped 4206 items (at 26 items/min)
2016-01-27 12:31:43 [scrapy] INFO: Crawled 8526 pages (at 64 pages/min), scraped 4240 items (at 34 items/min)
2016-01-27 12:32:43 [scrapy] INFO: Crawled 8596 pages (at 70 pages/min), scraped 4276 items (at 36 items/min)
2016-01-27 12:33:43 [scrapy] INFO: Crawled 8660 pages (at 64 pages/min), scraped 4302 items (at 26 items/min)
2016-01-27 12:34:43 [scrapy] INFO: Crawled 8711 pages (at 51 pages/min), scraped 4325 items (at 23 items/min)
2016-01-27 12:35:43 [scrapy] INFO: Crawled 8779 pages (at 68 pages/min), scraped 4370 items (at 45 items/min)
2016-01-27 12:36:43 [scrapy] INFO: Crawled 8855 pages (at 76 pages/min), scraped 4398 items (at 28 items/min)
2016-01-27 12:37:43 [scrapy] INFO: Crawled 8906 pages (at 51 pages/min), scraped 4420 items (at 22 items/min)
2016-01-27 12:38:43 [scrapy] INFO: Crawled 8976 pages (at 70 pages/min), scraped 4463 items (at 43 items/min)
2016-01-27 12:39:43 [scrapy] INFO: Crawled 9045 pages (at 69 pages/min), scraped 4488 items (at 25 items/min)
2016-01-27 12:40:43 [scrapy] INFO: Crawled 9101 pages (at 56 pages/min), scraped 4521 items (at 33 items/min)
2016-01-27 12:41:43 [scrapy] INFO: Crawled 9175 pages (at 74 pages/min), scraped 4560 items (at 39 items/min)
2016-01-27 12:42:43 [scrapy] INFO: Crawled 9242 pages (at 67 pages/min), scraped 4587 items (at 27 items/min)
2016-01-27 12:43:43 [scrapy] INFO: Crawled 9302 pages (at 60 pages/min), scraped 4620 items (at 33 items/min)
2016-01-27 12:44:43 [scrapy] INFO: Crawled 9369 pages (at 67 pages/min), scraped 4659 items (at 39 items/min)
2016-01-27 12:45:43 [scrapy] INFO: Crawled 9442 pages (at 73 pages/min), scraped 4689 items (at 30 items/min)
2016-01-27 12:46:43 [scrapy] INFO: Crawled 9501 pages (at 59 pages/min), scraped 4715 items (at 26 items/min)
2016-01-27 12:47:43 [scrapy] INFO: Crawled 9568 pages (at 67 pages/min), scraped 4757 items (at 42 items/min)
2016-01-27 12:48:43 [scrapy] INFO: Crawled 9640 pages (at 72 pages/min), scraped 4788 items (at 31 items/min)
2016-01-27 12:49:43 [scrapy] INFO: Crawled 9702 pages (at 62 pages/min), scraped 4816 items (at 28 items/min)
2016-01-27 12:50:43 [scrapy] INFO: Crawled 9761 pages (at 59 pages/min), scraped 4849 items (at 33 items/min)
2016-01-27 12:51:43 [scrapy] INFO: Crawled 9831 pages (at 70 pages/min), scraped 4882 items (at 33 items/min)
2016-01-27 12:52:43 [scrapy] INFO: Crawled 9891 pages (at 60 pages/min), scraped 4910 items (at 28 items/min)
2016-01-27 12:53:43 [scrapy] INFO: Crawled 9960 pages (at 69 pages/min), scraped 4946 items (at 36 items/min)
2016-01-27 12:54:43 [scrapy] INFO: Crawled 10026 pages (at 66 pages/min), scraped 4974 items (at 28 items/min)
2016-01-27 12:55:43 [scrapy] INFO: Crawled 10082 pages (at 56 pages/min), scraped 5002 items (at 28 items/min)
2016-01-27 12:56:43 [scrapy] INFO: Crawled 10156 pages (at 74 pages/min), scraped 5046 items (at 44 items/min)
2016-01-27 12:57:43 [scrapy] INFO: Crawled 10226 pages (at 70 pages/min), scraped 5071 items (at 25 items/min)
2016-01-27 12:58:43 [scrapy] INFO: Crawled 10282 pages (at 56 pages/min), scraped 5102 items (at 31 items/min)
2016-01-27 12:59:43 [scrapy] INFO: Crawled 10348 pages (at 66 pages/min), scraped 5138 items (at 36 items/min)
2016-01-27 13:00:43 [scrapy] INFO: Crawled 10420 pages (at 72 pages/min), scraped 5169 items (at 31 items/min)
2016-01-27 13:01:43 [scrapy] INFO: Crawled 10475 pages (at 55 pages/min), scraped 5190 items (at 21 items/min)
2016-01-27 13:02:43 [scrapy] INFO: Crawled 10542 pages (at 67 pages/min), scraped 5232 items (at 42 items/min)
2016-01-27 13:03:43 [scrapy] INFO: Crawled 10617 pages (at 75 pages/min), scraped 5262 items (at 30 items/min)
2016-01-27 13:04:43 [scrapy] INFO: Crawled 10672 pages (at 55 pages/min), scraped 5285 items (at 23 items/min)
2016-01-27 13:05:43 [scrapy] INFO: Crawled 10739 pages (at 67 pages/min), scraped 5326 items (at 41 items/min)
2016-01-27 13:06:43 [scrapy] INFO: Crawled 10808 pages (at 69 pages/min), scraped 5353 items (at 27 items/min)
2016-01-27 13:07:43 [scrapy] INFO: Crawled 10867 pages (at 59 pages/min), scraped 5385 items (at 32 items/min)
2016-01-27 13:08:43 [scrapy] INFO: Crawled 10940 pages (at 73 pages/min), scraped 5427 items (at 42 items/min)
2016-01-27 13:09:43 [scrapy] INFO: Crawled 11005 pages (at 65 pages/min), scraped 5449 items (at 22 items/min)
2016-01-27 13:10:43 [scrapy] INFO: Crawled 11060 pages (at 55 pages/min), scraped 5482 items (at 33 items/min)
2016-01-27 13:11:43 [scrapy] INFO: Crawled 11135 pages (at 75 pages/min), scraped 5522 items (at 40 items/min)
2016-01-27 13:12:43 [scrapy] INFO: Crawled 11197 pages (at 62 pages/min), scraped 5543 items (at 21 items/min)
2016-01-27 13:13:43 [scrapy] INFO: Crawled 11255 pages (at 58 pages/min), scraped 5580 items (at 37 items/min)
2016-01-27 13:14:43 [scrapy] INFO: Crawled 11333 pages (at 78 pages/min), scraped 5619 items (at 39 items/min)
2016-01-27 13:15:43 [scrapy] INFO: Crawled 11390 pages (at 57 pages/min), scraped 5637 items (at 18 items/min)
2016-01-27 13:16:43 [scrapy] INFO: Crawled 11450 pages (at 60 pages/min), scraped 5676 items (at 39 items/min)
2016-01-27 13:17:43 [scrapy] INFO: Crawled 11527 pages (at 77 pages/min), scraped 5715 items (at 39 items/min)
2016-01-27 13:18:43 [scrapy] INFO: Crawled 11590 pages (at 63 pages/min), scraped 5737 items (at 22 items/min)
2016-01-27 13:19:43 [scrapy] INFO: Crawled 11649 pages (at 59 pages/min), scraped 5774 items (at 37 items/min)
2016-01-27 13:20:43 [scrapy] INFO: Crawled 11721 pages (at 72 pages/min), scraped 5808 items (at 34 items/min)
2016-01-27 13:21:43 [scrapy] INFO: Crawled 11784 pages (at 63 pages/min), scraped 5834 items (at 26 items/min)
2016-01-27 13:22:43 [scrapy] INFO: Crawled 11843 pages (at 59 pages/min), scraped 5868 items (at 34 items/min)
2016-01-27 13:23:43 [scrapy] INFO: Crawled 11919 pages (at 76 pages/min), scraped 5909 items (at 41 items/min)
2016-01-27 13:24:43 [scrapy] INFO: Crawled 11980 pages (at 61 pages/min), scraped 5926 items (at 17 items/min)
2016-01-27 13:25:43 [scrapy] INFO: Crawled 12034 pages (at 54 pages/min), scraped 5964 items (at 38 items/min)
2016-01-27 13:26:43 [scrapy] INFO: Crawled 12115 pages (at 81 pages/min), scraped 6004 items (at 40 items/min)
2016-01-27 13:27:43 [scrapy] INFO: Crawled 12173 pages (at 58 pages/min), scraped 6020 items (at 16 items/min)
2016-01-27 13:28:43 [scrapy] INFO: Crawled 12230 pages (at 57 pages/min), scraped 6062 items (at 42 items/min)
2016-01-27 13:29:43 [scrapy] INFO: Crawled 12308 pages (at 78 pages/min), scraped 6095 items (at 33 items/min)
2016-01-27 13:30:43 [scrapy] INFO: Crawled 12362 pages (at 54 pages/min), scraped 6117 items (at 22 items/min)
2016-01-27 13:31:43 [scrapy] INFO: Crawled 12433 pages (at 71 pages/min), scraped 6165 items (at 48 items/min)
2016-01-27 13:32:43 [scrapy] INFO: Crawled 12507 pages (at 74 pages/min), scraped 6191 items (at 26 items/min)
2016-01-27 13:33:43 [scrapy] INFO: Crawled 12554 pages (at 47 pages/min), scraped 6216 items (at 25 items/min)
2016-01-27 13:34:43 [scrapy] INFO: Crawled 12630 pages (at 76 pages/min), scraped 6263 items (at 47 items/min)
2016-01-27 13:35:43 [scrapy] INFO: Crawled 12702 pages (at 72 pages/min), scraped 6286 items (at 23 items/min)
2016-01-27 13:36:43 [scrapy] INFO: Crawled 12755 pages (at 53 pages/min), scraped 6314 items (at 28 items/min)
2016-01-27 13:37:43 [scrapy] INFO: Crawled 12832 pages (at 77 pages/min), scraped 6363 items (at 49 items/min)
2016-01-27 13:38:43 [scrapy] INFO: Crawled 12901 pages (at 69 pages/min), scraped 6384 items (at 21 items/min)
2016-01-27 13:39:43 [scrapy] INFO: Crawled 12953 pages (at 52 pages/min), scraped 6414 items (at 30 items/min)
2016-01-27 13:40:43 [scrapy] INFO: Crawled 13026 pages (at 73 pages/min), scraped 6454 items (at 40 items/min)
2016-01-27 13:41:43 [scrapy] INFO: Crawled 13089 pages (at 63 pages/min), scraped 6479 items (at 25 items/min)
2016-01-27 13:42:43 [scrapy] INFO: Crawled 13153 pages (at 64 pages/min), scraped 6515 items (at 36 items/min)
2016-01-27 13:43:43 [scrapy] INFO: Crawled 13218 pages (at 65 pages/min), scraped 6545 items (at 30 items/min)
2016-01-27 13:44:43 [scrapy] INFO: Crawled 13279 pages (at 61 pages/min), scraped 6574 items (at 29 items/min)
2016-01-27 13:45:43 [scrapy] INFO: Crawled 13344 pages (at 65 pages/min), scraped 6611 items (at 37 items/min)
2016-01-27 13:46:43 [scrapy] INFO: Crawled 13418 pages (at 74 pages/min), scraped 6645 items (at 34 items/min)
2016-01-27 13:47:43 [scrapy] INFO: Crawled 13472 pages (at 54 pages/min), scraped 6661 items (at 16 items/min)
2016-01-27 13:48:43 [scrapy] INFO: Crawled 13536 pages (at 64 pages/min), scraped 6707 items (at 46 items/min)
2016-01-27 13:49:43 [scrapy] INFO: Crawled 13618 pages (at 82 pages/min), scraped 6742 items (at 35 items/min)
2016-01-27 13:50:43 [scrapy] INFO: Crawled 13669 pages (at 51 pages/min), scraped 6757 items (at 15 items/min)
2016-01-27 13:51:43 [scrapy] INFO: Crawled 13731 pages (at 62 pages/min), scraped 6802 items (at 45 items/min)
2016-01-27 13:52:43 [scrapy] INFO: Crawled 13811 pages (at 80 pages/min), scraped 6838 items (at 36 items/min)
2016-01-27 13:53:43 [scrapy] INFO: Crawled 13864 pages (at 53 pages/min), scraped 6854 items (at 16 items/min)
2016-01-27 13:54:43 [scrapy] INFO: Crawled 13927 pages (at 63 pages/min), scraped 6899 items (at 45 items/min)
2016-01-27 13:55:43 [scrapy] INFO: Crawled 14004 pages (at 77 pages/min), scraped 6929 items (at 30 items/min)
2016-01-27 13:56:43 [scrapy] INFO: Crawled 14055 pages (at 51 pages/min), scraped 6949 items (at 20 items/min)
2016-01-27 13:57:43 [scrapy] INFO: Crawled 14124 pages (at 69 pages/min), scraped 6993 items (at 44 items/min)
2016-01-27 13:58:43 [scrapy] INFO: Crawled 14197 pages (at 73 pages/min), scraped 7022 items (at 29 items/min)
2016-01-27 13:59:43 [scrapy] INFO: Crawled 14253 pages (at 56 pages/min), scraped 7048 items (at 26 items/min)
2016-01-27 14:00:43 [scrapy] INFO: Crawled 14323 pages (at 70 pages/min), scraped 7090 items (at 42 items/min)
2016-01-27 14:01:43 [scrapy] INFO: Crawled 14384 pages (at 61 pages/min), scraped 7110 items (at 20 items/min)
2016-01-27 14:02:43 [scrapy] INFO: Crawled 14444 pages (at 60 pages/min), scraped 7151 items (at 41 items/min)
2016-01-27 14:03:43 [scrapy] INFO: Crawled 14523 pages (at 79 pages/min), scraped 7189 items (at 38 items/min)
2016-01-27 14:04:43 [scrapy] INFO: Crawled 14580 pages (at 57 pages/min), scraped 7209 items (at 20 items/min)
2016-01-27 14:05:43 [scrapy] INFO: Crawled 14643 pages (at 63 pages/min), scraped 7250 items (at 41 items/min)
2016-01-27 14:06:43 [scrapy] INFO: Crawled 14719 pages (at 76 pages/min), scraped 7285 items (at 35 items/min)
2016-01-27 14:07:43 [scrapy] INFO: Crawled 14774 pages (at 55 pages/min), scraped 7306 items (at 21 items/min)
2016-01-27 14:08:43 [scrapy] INFO: Crawled 14841 pages (at 67 pages/min), scraped 7349 items (at 43 items/min)
2016-01-27 14:09:43 [scrapy] INFO: Crawled 14914 pages (at 73 pages/min), scraped 7380 items (at 31 items/min)
2016-01-27 14:10:43 [scrapy] INFO: Crawled 14972 pages (at 58 pages/min), scraped 7401 items (at 21 items/min)
2016-01-27 14:11:43 [scrapy] INFO: Crawled 15031 pages (at 59 pages/min), scraped 7439 items (at 38 items/min)
2016-01-27 14:12:43 [scrapy] INFO: Crawled 15112 pages (at 81 pages/min), scraped 7479 items (at 40 items/min)
2016-01-27 14:13:43 [scrapy] INFO: Crawled 15169 pages (at 57 pages/min), scraped 7498 items (at 19 items/min)
2016-01-27 14:14:43 [scrapy] INFO: Crawled 15225 pages (at 56 pages/min), scraped 7534 items (at 36 items/min)
2016-01-27 14:15:43 [scrapy] INFO: Crawled 15305 pages (at 80 pages/min), scraped 7574 items (at 40 items/min)
2016-01-27 14:16:43 [scrapy] INFO: Crawled 15366 pages (at 61 pages/min), scraped 7592 items (at 18 items/min)
2016-01-27 14:17:43 [scrapy] INFO: Crawled 15421 pages (at 55 pages/min), scraped 7631 items (at 39 items/min)
2016-01-27 14:18:43 [scrapy] INFO: Crawled 15500 pages (at 79 pages/min), scraped 7673 items (at 42 items/min)
2016-01-27 14:19:43 [scrapy] INFO: Crawled 15564 pages (at 64 pages/min), scraped 7695 items (at 22 items/min)
2016-01-27 14:20:43 [scrapy] INFO: Crawled 15621 pages (at 57 pages/min), scraped 7730 items (at 35 items/min)
2016-01-27 14:21:43 [scrapy] INFO: Crawled 15691 pages (at 70 pages/min), scraped 7763 items (at 33 items/min)
2016-01-27 14:22:43 [scrapy] INFO: Crawled 15750 pages (at 59 pages/min), scraped 7790 items (at 27 items/min)
2016-01-27 14:23:43 [scrapy] INFO: Crawled 15822 pages (at 72 pages/min), scraped 7829 items (at 39 items/min)
2016-01-27 14:24:43 [scrapy] INFO: Crawled 15878 pages (at 56 pages/min), scraped 7849 items (at 20 items/min)
2016-01-27 14:25:43 [scrapy] INFO: Crawled 15943 pages (at 65 pages/min), scraped 7890 items (at 41 items/min)
2016-01-27 14:26:43 [scrapy] INFO: Crawled 16021 pages (at 78 pages/min), scraped 7928 items (at 38 items/min)
2016-01-27 14:27:43 [scrapy] INFO: Crawled 16070 pages (at 49 pages/min), scraped 7939 items (at 11 items/min)
2016-01-27 14:28:43 [scrapy] INFO: Crawled 16134 pages (at 64 pages/min), scraped 7988 items (at 49 items/min)
2016-01-27 14:29:43 [scrapy] INFO: Crawled 16216 pages (at 82 pages/min), scraped 8023 items (at 35 items/min)
2016-01-27 14:30:43 [scrapy] INFO: Crawled 16265 pages (at 49 pages/min), scraped 8039 items (at 16 items/min)
2016-01-27 14:31:43 [scrapy] INFO: Crawled 16331 pages (at 66 pages/min), scraped 8085 items (at 46 items/min)
2016-01-27 14:32:43 [scrapy] INFO: Crawled 16411 pages (at 80 pages/min), scraped 8117 items (at 32 items/min)
2016-01-27 14:33:43 [scrapy] INFO: Crawled 16464 pages (at 53 pages/min), scraped 8135 items (at 18 items/min)
2016-01-27 14:34:43 [scrapy] INFO: Crawled 16526 pages (at 62 pages/min), scraped 8178 items (at 43 items/min)
2016-01-27 14:35:43 [scrapy] INFO: Crawled 16610 pages (at 84 pages/min), scraped 8216 items (at 38 items/min)
2016-01-27 14:36:43 [scrapy] INFO: Crawled 16664 pages (at 54 pages/min), scraped 8232 items (at 16 items/min)
2016-01-27 14:37:43 [scrapy] INFO: Crawled 16720 pages (at 56 pages/min), scraped 8271 items (at 39 items/min)
2016-01-27 14:38:43 [scrapy] INFO: Crawled 16794 pages (at 74 pages/min), scraped 8305 items (at 34 items/min)
2016-01-27 14:39:43 [scrapy] INFO: Crawled 16859 pages (at 65 pages/min), scraped 8329 items (at 24 items/min)
2016-01-27 14:40:43 [scrapy] INFO: Crawled 16915 pages (at 56 pages/min), scraped 8362 items (at 33 items/min)
2016-01-27 14:41:43 [scrapy] INFO: Crawled 16988 pages (at 73 pages/min), scraped 8402 items (at 40 items/min)
2016-01-27 14:42:43 [scrapy] INFO: Crawled 17051 pages (at 63 pages/min), scraped 8427 items (at 25 items/min)
2016-01-27 14:43:43 [scrapy] INFO: Crawled 17115 pages (at 64 pages/min), scraped 8459 items (at 32 items/min)
2016-01-27 14:44:43 [scrapy] INFO: Crawled 17179 pages (at 64 pages/min), scraped 8491 items (at 32 items/min)
2016-01-27 14:45:43 [scrapy] INFO: Crawled 17241 pages (at 62 pages/min), scraped 8525 items (at 34 items/min)
2016-01-27 14:46:43 [scrapy] INFO: Crawled 17310 pages (at 69 pages/min), scraped 8553 items (at 28 items/min)
2016-01-27 14:47:43 [scrapy] INFO: Crawled 17367 pages (at 57 pages/min), scraped 8581 items (at 28 items/min)
2016-01-27 14:48:43 [scrapy] INFO: Crawled 17431 pages (at 64 pages/min), scraped 8617 items (at 36 items/min)
2016-01-27 14:49:43 [scrapy] INFO: Crawled 17503 pages (at 72 pages/min), scraped 8650 items (at 33 items/min)
2016-01-27 14:50:43 [scrapy] INFO: Crawled 17560 pages (at 57 pages/min), scraped 8675 items (at 25 items/min)
2016-01-27 14:51:43 [scrapy] INFO: Crawled 17629 pages (at 69 pages/min), scraped 8715 items (at 40 items/min)
2016-01-27 14:52:43 [scrapy] INFO: Crawled 17700 pages (at 71 pages/min), scraped 8743 items (at 28 items/min)
2016-01-27 14:53:43 [scrapy] INFO: Crawled 17753 pages (at 53 pages/min), scraped 8767 items (at 24 items/min)
2016-01-27 14:54:43 [scrapy] INFO: Crawled 17822 pages (at 69 pages/min), scraped 8809 items (at 42 items/min)
2016-01-27 14:55:43 [scrapy] INFO: Crawled 17895 pages (at 73 pages/min), scraped 8838 items (at 29 items/min)
2016-01-27 14:56:43 [scrapy] INFO: Crawled 17953 pages (at 58 pages/min), scraped 8865 items (at 27 items/min)
2016-01-27 14:57:43 [scrapy] INFO: Crawled 18023 pages (at 70 pages/min), scraped 8907 items (at 42 items/min)
2016-01-27 14:58:43 [scrapy] INFO: Crawled 18097 pages (at 74 pages/min), scraped 8938 items (at 31 items/min)
2016-01-27 14:59:43 [scrapy] INFO: Crawled 18153 pages (at 56 pages/min), scraped 8967 items (at 29 items/min)
2016-01-27 15:00:43 [scrapy] INFO: Crawled 18219 pages (at 66 pages/min), scraped 9004 items (at 37 items/min)
2016-01-27 15:01:43 [scrapy] INFO: Crawled 18284 pages (at 65 pages/min), scraped 9035 items (at 31 items/min)
2016-01-27 15:02:43 [scrapy] INFO: Crawled 18352 pages (at 68 pages/min), scraped 9068 items (at 33 items/min)
2016-01-27 15:03:43 [scrapy] INFO: Crawled 18411 pages (at 59 pages/min), scraped 9089 items (at 21 items/min)
2016-01-27 15:04:43 [scrapy] INFO: Crawled 18471 pages (at 60 pages/min), scraped 9129 items (at 40 items/min)
2016-01-27 15:05:43 [scrapy] INFO: Crawled 18548 pages (at 77 pages/min), scraped 9166 items (at 37 items/min)
2016-01-27 15:06:43 [scrapy] INFO: Crawled 18613 pages (at 65 pages/min), scraped 9190 items (at 24 items/min)
2016-01-27 15:07:43 [scrapy] INFO: Crawled 18664 pages (at 51 pages/min), scraped 9218 items (at 28 items/min)
2016-01-27 15:08:43 [scrapy] INFO: Crawled 18735 pages (at 71 pages/min), scraped 9256 items (at 38 items/min)
2016-01-27 15:09:43 [scrapy] INFO: Crawled 18805 pages (at 70 pages/min), scraped 9285 items (at 29 items/min)
2016-01-27 15:10:43 [scrapy] INFO: Crawled 18861 pages (at 56 pages/min), scraped 9315 items (at 30 items/min)
2016-01-27 15:11:43 [scrapy] INFO: Crawled 18934 pages (at 73 pages/min), scraped 9354 items (at 39 items/min)
2016-01-27 15:12:43 [scrapy] INFO: Crawled 18995 pages (at 61 pages/min), scraped 9376 items (at 22 items/min)
2016-01-27 15:13:43 [scrapy] INFO: Crawled 19058 pages (at 63 pages/min), scraped 9413 items (at 37 items/min)
2016-01-27 15:14:43 [scrapy] INFO: Crawled 19127 pages (at 69 pages/min), scraped 9445 items (at 32 items/min)
2016-01-27 15:15:43 [scrapy] INFO: Crawled 19190 pages (at 63 pages/min), scraped 9472 items (at 27 items/min)
2016-01-27 15:16:43 [scrapy] INFO: Crawled 19253 pages (at 63 pages/min), scraped 9505 items (at 33 items/min)
2016-01-27 15:17:43 [scrapy] INFO: Crawled 19325 pages (at 72 pages/min), scraped 9542 items (at 37 items/min)
2016-01-27 15:18:43 [scrapy] INFO: Crawled 19390 pages (at 65 pages/min), scraped 9569 items (at 27 items/min)
2016-01-27 15:19:43 [scrapy] INFO: Crawled 19451 pages (at 61 pages/min), scraped 9602 items (at 33 items/min)
2016-01-27 15:20:43 [scrapy] INFO: Crawled 19522 pages (at 71 pages/min), scraped 9635 items (at 33 items/min)
2016-01-27 15:21:43 [scrapy] INFO: Crawled 19581 pages (at 59 pages/min), scraped 9661 items (at 26 items/min)
2016-01-27 15:22:43 [scrapy] INFO: Crawled 19649 pages (at 68 pages/min), scraped 9700 items (at 39 items/min)
2016-01-27 15:23:43 [scrapy] INFO: Crawled 19714 pages (at 65 pages/min), scraped 9725 items (at 25 items/min)
2016-01-27 15:24:43 [scrapy] INFO: Crawled 19772 pages (at 58 pages/min), scraped 9758 items (at 33 items/min)
2016-01-27 15:25:43 [scrapy] INFO: Crawled 19846 pages (at 74 pages/min), scraped 9799 items (at 41 items/min)
2016-01-27 15:26:43 [scrapy] INFO: Crawled 19910 pages (at 64 pages/min), scraped 9820 items (at 21 items/min)
2016-01-27 15:27:43 [scrapy] INFO: Crawled 19963 pages (at 53 pages/min), scraped 9853 items (at 33 items/min)
2016-01-27 15:28:43 [scrapy] INFO: Crawled 20041 pages (at 78 pages/min), scraped 9896 items (at 43 items/min)
2016-01-27 15:29:43 [scrapy] INFO: Crawled 20106 pages (at 65 pages/min), scraped 9917 items (at 21 items/min)
2016-01-27 15:30:43 [scrapy] INFO: Crawled 20162 pages (at 56 pages/min), scraped 9950 items (at 33 items/min)
2016-01-27 15:31:43 [scrapy] INFO: Crawled 20236 pages (at 74 pages/min), scraped 9989 items (at 39 items/min)
2016-01-27 15:32:43 [scrapy] INFO: Crawled 20302 pages (at 66 pages/min), scraped 10012 items (at 23 items/min)
2016-01-27 15:33:43 [scrapy] INFO: Crawled 20362 pages (at 60 pages/min), scraped 10047 items (at 35 items/min)
2016-01-27 15:34:43 [scrapy] INFO: Crawled 20434 pages (at 72 pages/min), scraped 10084 items (at 37 items/min)
2016-01-27 15:35:43 [scrapy] INFO: Crawled 20496 pages (at 62 pages/min), scraped 10108 items (at 24 items/min)
2016-01-27 15:36:43 [scrapy] INFO: Crawled 20558 pages (at 62 pages/min), scraped 10143 items (at 35 items/min)
2016-01-27 15:37:43 [scrapy] INFO: Crawled 20626 pages (at 68 pages/min), scraped 10174 items (at 31 items/min)
2016-01-27 15:38:43 [scrapy] INFO: Crawled 20691 pages (at 65 pages/min), scraped 10205 items (at 31 items/min)
2016-01-27 15:39:43 [scrapy] INFO: Crawled 20756 pages (at 65 pages/min), scraped 10242 items (at 37 items/min)
2016-01-27 15:40:43 [scrapy] INFO: Crawled 20819 pages (at 63 pages/min), scraped 10267 items (at 25 items/min)
2016-01-27 15:41:43 [scrapy] INFO: Crawled 20880 pages (at 61 pages/min), scraped 10301 items (at 34 items/min)
2016-01-27 15:42:43 [scrapy] INFO: Crawled 20953 pages (at 73 pages/min), scraped 10337 items (at 36 items/min)
2016-01-27 15:43:43 [scrapy] INFO: Crawled 21015 pages (at 62 pages/min), scraped 10362 items (at 25 items/min)
2016-01-27 15:44:43 [scrapy] INFO: Crawled 21072 pages (at 57 pages/min), scraped 10394 items (at 32 items/min)
2016-01-27 15:45:43 [scrapy] INFO: Crawled 21148 pages (at 76 pages/min), scraped 10436 items (at 42 items/min)
2016-01-27 15:46:43 [scrapy] INFO: Crawled 21211 pages (at 63 pages/min), scraped 10454 items (at 18 items/min)
2016-01-27 15:47:43 [scrapy] INFO: Crawled 21264 pages (at 53 pages/min), scraped 10489 items (at 35 items/min)
2016-01-27 15:48:43 [scrapy] INFO: Crawled 21345 pages (at 81 pages/min), scraped 10534 items (at 45 items/min)
2016-01-27 15:49:43 [scrapy] INFO: Crawled 21406 pages (at 61 pages/min), scraped 10552 items (at 18 items/min)
2016-01-27 15:50:43 [scrapy] INFO: Crawled 21463 pages (at 57 pages/min), scraped 10589 items (at 37 items/min)
2016-01-27 15:51:43 [scrapy] INFO: Crawled 21542 pages (at 79 pages/min), scraped 10634 items (at 45 items/min)
2016-01-27 15:52:43 [scrapy] INFO: Crawled 21601 pages (at 59 pages/min), scraped 10651 items (at 17 items/min)
2016-01-27 15:53:43 [scrapy] INFO: Crawled 21660 pages (at 59 pages/min), scraped 10685 items (at 34 items/min)
2016-01-27 15:54:43 [scrapy] INFO: Crawled 21731 pages (at 71 pages/min), scraped 10720 items (at 35 items/min)
2016-01-27 15:55:43 [scrapy] INFO: Crawled 21789 pages (at 58 pages/min), scraped 10747 items (at 27 items/min)
2016-01-27 15:56:43 [scrapy] INFO: Crawled 21857 pages (at 68 pages/min), scraped 10779 items (at 32 items/min)
2016-01-27 15:57:43 [scrapy] INFO: Crawled 21916 pages (at 59 pages/min), scraped 10804 items (at 25 items/min)
2016-01-27 15:58:43 [scrapy] INFO: Crawled 21981 pages (at 65 pages/min), scraped 10842 items (at 38 items/min)
2016-01-27 15:59:43 [scrapy] INFO: Crawled 22051 pages (at 70 pages/min), scraped 10873 items (at 31 items/min)
2016-01-27 16:00:43 [scrapy] INFO: Crawled 22116 pages (at 65 pages/min), scraped 10905 items (at 32 items/min)
2016-01-27 16:01:43 [scrapy] INFO: Crawled 22177 pages (at 61 pages/min), scraped 10936 items (at 31 items/min)
2016-01-27 16:02:43 [scrapy] INFO: Crawled 22250 pages (at 73 pages/min), scraped 10973 items (at 37 items/min)
2016-01-27 16:03:43 [scrapy] INFO: Crawled 22312 pages (at 62 pages/min), scraped 10997 items (at 24 items/min)
2016-01-27 16:04:43 [scrapy] INFO: Crawled 22370 pages (at 58 pages/min), scraped 11032 items (at 35 items/min)
2016-01-27 16:05:43 [scrapy] INFO: Crawled 22446 pages (at 76 pages/min), scraped 11074 items (at 42 items/min)
2016-01-27 16:06:43 [scrapy] INFO: Crawled 22510 pages (at 64 pages/min), scraped 11092 items (at 18 items/min)
2016-01-27 16:07:43 [scrapy] INFO: Crawled 22565 pages (at 55 pages/min), scraped 11125 items (at 33 items/min)
2016-01-27 16:08:43 [scrapy] INFO: Crawled 22645 pages (at 80 pages/min), scraped 11172 items (at 47 items/min)
2016-01-27 16:09:43 [scrapy] INFO: Crawled 22707 pages (at 62 pages/min), scraped 11189 items (at 17 items/min)
2016-01-27 16:10:43 [scrapy] INFO: Crawled 22766 pages (at 59 pages/min), scraped 11227 items (at 38 items/min)
2016-01-27 16:11:43 [scrapy] INFO: Crawled 22838 pages (at 72 pages/min), scraped 11262 items (at 35 items/min)
2016-01-27 16:12:43 [scrapy] INFO: Crawled 22899 pages (at 61 pages/min), scraped 11286 items (at 24 items/min)
2016-01-27 16:13:43 [scrapy] INFO: Crawled 22964 pages (at 65 pages/min), scraped 11321 items (at 35 items/min)
2016-01-27 16:14:43 [scrapy] INFO: Crawled 23033 pages (at 69 pages/min), scraped 11355 items (at 34 items/min)
2016-01-27 16:15:43 [scrapy] INFO: Crawled 23095 pages (at 62 pages/min), scraped 11383 items (at 28 items/min)
2016-01-27 16:16:43 [scrapy] INFO: Crawled 23156 pages (at 61 pages/min), scraped 11414 items (at 31 items/min)
2016-01-27 16:17:43 [scrapy] INFO: Crawled 23225 pages (at 69 pages/min), scraped 11445 items (at 31 items/min)
2016-01-27 16:18:43 [scrapy] INFO: Crawled 23285 pages (at 60 pages/min), scraped 11470 items (at 25 items/min)
2016-01-27 16:19:43 [scrapy] INFO: Crawled 23350 pages (at 65 pages/min), scraped 11505 items (at 35 items/min)
2016-01-27 16:20:43 [scrapy] INFO: Crawled 23419 pages (at 69 pages/min), scraped 11535 items (at 30 items/min)
2016-01-27 16:21:43 [scrapy] INFO: Crawled 23477 pages (at 58 pages/min), scraped 11566 items (at 31 items/min)
2016-01-27 16:22:43 [scrapy] INFO: Crawled 23546 pages (at 69 pages/min), scraped 11604 items (at 38 items/min)
2016-01-27 16:23:43 [scrapy] INFO: Crawled 23618 pages (at 72 pages/min), scraped 11633 items (at 29 items/min)
2016-01-27 16:24:43 [scrapy] INFO: Crawled 23672 pages (at 54 pages/min), scraped 11658 items (at 25 items/min)
2016-01-27 16:25:43 [scrapy] INFO: Crawled 23738 pages (at 66 pages/min), scraped 11700 items (at 42 items/min)
2016-01-27 16:26:43 [scrapy] INFO: Crawled 23812 pages (at 74 pages/min), scraped 11731 items (at 31 items/min)
2016-01-27 16:27:43 [scrapy] INFO: Crawled 23866 pages (at 54 pages/min), scraped 11756 items (at 25 items/min)
2016-01-27 16:28:43 [scrapy] INFO: Crawled 23937 pages (at 71 pages/min), scraped 11798 items (at 42 items/min)
2016-01-27 16:29:43 [scrapy] INFO: Crawled 24007 pages (at 70 pages/min), scraped 11827 items (at 29 items/min)
2016-01-27 16:30:43 [scrapy] INFO: Crawled 24066 pages (at 59 pages/min), scraped 11857 items (at 30 items/min)
2016-01-27 16:31:43 [scrapy] INFO: Crawled 24133 pages (at 67 pages/min), scraped 11889 items (at 32 items/min)
2016-01-27 16:32:43 [scrapy] INFO: Crawled 24194 pages (at 61 pages/min), scraped 11917 items (at 28 items/min)
2016-01-27 16:33:43 [scrapy] INFO: Crawled 24263 pages (at 69 pages/min), scraped 11954 items (at 37 items/min)
2016-01-27 16:34:43 [scrapy] INFO: Crawled 24329 pages (at 66 pages/min), scraped 11982 items (at 28 items/min)
2016-01-27 16:35:43 [scrapy] INFO: Crawled 24387 pages (at 58 pages/min), scraped 12015 items (at 33 items/min)
2016-01-27 16:36:43 [scrapy] INFO: Crawled 24456 pages (at 69 pages/min), scraped 12047 items (at 32 items/min)
2016-01-27 16:37:43 [scrapy] INFO: Crawled 24517 pages (at 61 pages/min), scraped 12075 items (at 28 items/min)
2016-01-27 16:38:43 [scrapy] INFO: Crawled 24582 pages (at 65 pages/min), scraped 12108 items (at 33 items/min)
2016-01-27 16:39:43 [scrapy] INFO: Crawled 24649 pages (at 67 pages/min), scraped 12142 items (at 34 items/min)
2016-01-27 16:40:43 [scrapy] INFO: Crawled 24714 pages (at 65 pages/min), scraped 12169 items (at 27 items/min)
2016-01-27 16:41:43 [scrapy] INFO: Crawled 24775 pages (at 61 pages/min), scraped 12200 items (at 31 items/min)
2016-01-27 16:42:43 [scrapy] INFO: Crawled 24843 pages (at 68 pages/min), scraped 12237 items (at 37 items/min)
2016-01-27 16:43:43 [scrapy] INFO: Crawled 24908 pages (at 65 pages/min), scraped 12265 items (at 28 items/min)
2016-01-27 16:44:43 [scrapy] INFO: Crawled 24965 pages (at 57 pages/min), scraped 12294 items (at 29 items/min)
2016-01-27 16:45:43 [scrapy] INFO: Crawled 25037 pages (at 72 pages/min), scraped 12332 items (at 38 items/min)
2016-01-27 16:46:43 [scrapy] INFO: Crawled 25093 pages (at 56 pages/min), scraped 12351 items (at 19 items/min)
2016-01-27 16:47:43 [scrapy] INFO: Crawled 25161 pages (at 68 pages/min), scraped 12393 items (at 42 items/min)
2016-01-27 16:48:43 [scrapy] INFO: Crawled 25231 pages (at 70 pages/min), scraped 12421 items (at 28 items/min)
2016-01-27 16:49:43 [scrapy] INFO: Crawled 25289 pages (at 58 pages/min), scraped 12444 items (at 23 items/min)
2016-01-27 16:50:43 [scrapy] INFO: Crawled 25347 pages (at 58 pages/min), scraped 12480 items (at 36 items/min)
2016-01-27 16:51:43 [scrapy] INFO: Crawled 25426 pages (at 79 pages/min), scraped 12515 items (at 35 items/min)
2016-01-27 16:52:43 [scrapy] INFO: Crawled 25479 pages (at 53 pages/min), scraped 12532 items (at 17 items/min)
2016-01-27 16:53:43 [scrapy] INFO: Crawled 25540 pages (at 61 pages/min), scraped 12573 items (at 41 items/min)
2016-01-27 16:54:43 [scrapy] INFO: Crawled 25620 pages (at 80 pages/min), scraped 12608 items (at 35 items/min)
2016-01-27 16:55:43 [scrapy] INFO: Crawled 25676 pages (at 56 pages/min), scraped 12629 items (at 21 items/min)
2016-01-27 16:56:43 [scrapy] INFO: Crawled 25737 pages (at 61 pages/min), scraped 12669 items (at 40 items/min)
2016-01-27 16:57:43 [scrapy] INFO: Crawled 25815 pages (at 78 pages/min), scraped 12705 items (at 36 items/min)
2016-01-27 16:58:43 [scrapy] INFO: Crawled 25872 pages (at 57 pages/min), scraped 12728 items (at 23 items/min)
2016-01-27 16:59:43 [scrapy] INFO: Crawled 25938 pages (at 66 pages/min), scraped 12768 items (at 40 items/min)
2016-01-27 17:00:43 [scrapy] INFO: Crawled 26003 pages (at 65 pages/min), scraped 12794 items (at 26 items/min)
2016-01-27 17:01:43 [scrapy] INFO: Crawled 26069 pages (at 66 pages/min), scraped 12827 items (at 33 items/min)
2016-01-27 17:02:43 [scrapy] INFO: Crawled 26134 pages (at 65 pages/min), scraped 12861 items (at 34 items/min)
2016-01-27 17:03:43 [scrapy] INFO: Crawled 26199 pages (at 65 pages/min), scraped 12893 items (at 32 items/min)
2016-01-27 17:04:43 [scrapy] INFO: Crawled 26265 pages (at 66 pages/min), scraped 12922 items (at 29 items/min)
2016-01-27 17:05:43 [scrapy] INFO: Crawled 26327 pages (at 62 pages/min), scraped 12954 items (at 32 items/min)
2016-01-27 17:06:43 [scrapy] INFO: Crawled 26397 pages (at 70 pages/min), scraped 12988 items (at 34 items/min)
2016-01-27 17:07:43 [scrapy] INFO: Crawled 26458 pages (at 61 pages/min), scraped 13018 items (at 30 items/min)
2016-01-27 17:08:43 [scrapy] INFO: Crawled 26524 pages (at 66 pages/min), scraped 13048 items (at 30 items/min)
2016-01-27 17:09:43 [scrapy] INFO: Crawled 26588 pages (at 64 pages/min), scraped 13080 items (at 32 items/min)
2016-01-27 17:10:43 [scrapy] INFO: Crawled 26654 pages (at 66 pages/min), scraped 13115 items (at 35 items/min)
2016-01-27 17:11:43 [scrapy] INFO: Crawled 26719 pages (at 65 pages/min), scraped 13143 items (at 28 items/min)
2016-01-27 17:12:43 [scrapy] INFO: Crawled 26779 pages (at 60 pages/min), scraped 13175 items (at 32 items/min)
2016-01-27 17:13:43 [scrapy] INFO: Crawled 26853 pages (at 74 pages/min), scraped 13213 items (at 38 items/min)
2016-01-27 17:14:43 [scrapy] INFO: Crawled 26918 pages (at 65 pages/min), scraped 13238 items (at 25 items/min)
2016-01-27 17:15:43 [scrapy] INFO: Crawled 26980 pages (at 62 pages/min), scraped 13274 items (at 36 items/min)
2016-01-27 17:16:43 [scrapy] INFO: Crawled 27046 pages (at 66 pages/min), scraped 13308 items (at 34 items/min)
2016-01-27 17:17:43 [scrapy] INFO: Crawled 27111 pages (at 65 pages/min), scraped 13337 items (at 29 items/min)
2016-01-27 17:18:43 [scrapy] INFO: Crawled 27174 pages (at 63 pages/min), scraped 13366 items (at 29 items/min)
2016-01-27 17:19:43 [scrapy] INFO: Crawled 27238 pages (at 64 pages/min), scraped 13400 items (at 34 items/min)
2016-01-27 17:20:43 [scrapy] INFO: Crawled 27305 pages (at 67 pages/min), scraped 13433 items (at 33 items/min)
2016-01-27 17:21:43 [scrapy] INFO: Crawled 27371 pages (at 66 pages/min), scraped 13462 items (at 29 items/min)
2016-01-27 17:22:43 [scrapy] INFO: Crawled 27428 pages (at 57 pages/min), scraped 13490 items (at 28 items/min)
2016-01-27 17:23:43 [scrapy] INFO: Crawled 27495 pages (at 67 pages/min), scraped 13528 items (at 38 items/min)
2016-01-27 17:24:43 [scrapy] INFO: Crawled 27564 pages (at 69 pages/min), scraped 13556 items (at 28 items/min)
2016-01-27 17:25:43 [scrapy] INFO: Crawled 27623 pages (at 59 pages/min), scraped 13583 items (at 27 items/min)
2016-01-27 17:26:43 [scrapy] INFO: Crawled 27684 pages (at 61 pages/min), scraped 13620 items (at 37 items/min)
2016-01-27 17:27:43 [scrapy] INFO: Crawled 27756 pages (at 72 pages/min), scraped 13653 items (at 33 items/min)
2016-01-27 17:28:43 [scrapy] INFO: Crawled 27811 pages (at 55 pages/min), scraped 13677 items (at 24 items/min)
2016-01-27 17:29:43 [scrapy] INFO: Crawled 27884 pages (at 73 pages/min), scraped 13715 items (at 38 items/min)
2016-01-27 17:30:43 [scrapy] INFO: Crawled 27945 pages (at 61 pages/min), scraped 13739 items (at 24 items/min)
2016-01-27 17:31:43 [scrapy] INFO: Crawled 28009 pages (at 64 pages/min), scraped 13772 items (at 33 items/min)
2016-01-27 17:32:43 [scrapy] INFO: Crawled 28072 pages (at 63 pages/min), scraped 13803 items (at 31 items/min)
2016-01-27 17:33:43 [scrapy] INFO: Crawled 28140 pages (at 68 pages/min), scraped 13840 items (at 37 items/min)
2016-01-27 17:34:43 [scrapy] INFO: Crawled 28203 pages (at 63 pages/min), scraped 13863 items (at 23 items/min)
2016-01-27 17:35:43 [scrapy] INFO: Crawled 28263 pages (at 60 pages/min), scraped 13893 items (at 30 items/min)
2016-01-27 17:36:43 [scrapy] INFO: Crawled 28324 pages (at 61 pages/min), scraped 13923 items (at 30 items/min)
2016-01-27 17:37:43 [scrapy] INFO: Crawled 28391 pages (at 67 pages/min), scraped 13957 items (at 34 items/min)
2016-01-27 17:38:43 [scrapy] INFO: Crawled 28458 pages (at 67 pages/min), scraped 13987 items (at 30 items/min)
2016-01-27 17:39:43 [scrapy] INFO: Crawled 28517 pages (at 59 pages/min), scraped 14014 items (at 27 items/min)
2016-01-27 17:40:43 [scrapy] INFO: Crawled 28579 pages (at 62 pages/min), scraped 14047 items (at 33 items/min)
2016-01-27 17:41:43 [scrapy] INFO: Crawled 28650 pages (at 71 pages/min), scraped 14084 items (at 37 items/min)
2016-01-27 17:42:43 [scrapy] INFO: Crawled 28716 pages (at 66 pages/min), scraped 14112 items (at 28 items/min)
2016-01-27 17:43:43 [scrapy] INFO: Crawled 28777 pages (at 61 pages/min), scraped 14143 items (at 31 items/min)
2016-01-27 17:44:43 [scrapy] INFO: Crawled 28847 pages (at 70 pages/min), scraped 14180 items (at 37 items/min)
2016-01-27 17:45:43 [scrapy] INFO: Crawled 28913 pages (at 66 pages/min), scraped 14207 items (at 27 items/min)
2016-01-27 17:46:43 [scrapy] INFO: Crawled 28975 pages (at 62 pages/min), scraped 14242 items (at 35 items/min)
2016-01-27 17:47:43 [scrapy] INFO: Crawled 29042 pages (at 67 pages/min), scraped 14276 items (at 34 items/min)
2016-01-27 17:48:43 [scrapy] INFO: Crawled 29110 pages (at 68 pages/min), scraped 14303 items (at 27 items/min)
2016-01-27 17:49:43 [scrapy] INFO: Crawled 29160 pages (at 50 pages/min), scraped 14324 items (at 21 items/min)
2016-01-27 17:50:43 [scrapy] INFO: Crawled 29228 pages (at 68 pages/min), scraped 14366 items (at 42 items/min)
2016-01-27 17:51:43 [scrapy] INFO: Crawled 29296 pages (at 68 pages/min), scraped 14389 items (at 23 items/min)
2016-01-27 17:52:43 [scrapy] INFO: Crawled 29351 pages (at 55 pages/min), scraped 14420 items (at 31 items/min)
2016-01-27 17:53:43 [scrapy] INFO: Crawled 29427 pages (at 76 pages/min), scraped 14461 items (at 41 items/min)
2016-01-27 17:54:43 [scrapy] INFO: Crawled 29492 pages (at 65 pages/min), scraped 14484 items (at 23 items/min)
2016-01-27 17:55:43 [scrapy] INFO: Crawled 29552 pages (at 60 pages/min), scraped 14519 items (at 35 items/min)
2016-01-27 17:56:43 [scrapy] INFO: Crawled 29621 pages (at 69 pages/min), scraped 14550 items (at 31 items/min)
2016-01-27 17:57:43 [scrapy] INFO: Crawled 29679 pages (at 58 pages/min), scraped 14578 items (at 28 items/min)
2016-01-27 17:58:43 [scrapy] INFO: Crawled 29750 pages (at 71 pages/min), scraped 14617 items (at 39 items/min)
2016-01-27 17:59:43 [scrapy] INFO: Crawled 29813 pages (at 63 pages/min), scraped 14642 items (at 25 items/min)
2016-01-27 18:00:43 [scrapy] INFO: Crawled 29869 pages (at 56 pages/min), scraped 14672 items (at 30 items/min)
2016-01-27 18:01:43 [scrapy] INFO: Crawled 29945 pages (at 76 pages/min), scraped 14712 items (at 40 items/min)
2016-01-27 18:02:43 [scrapy] INFO: Crawled 30006 pages (at 61 pages/min), scraped 14731 items (at 19 items/min)
2016-01-27 18:03:43 [scrapy] INFO: Crawled 30067 pages (at 61 pages/min), scraped 14768 items (at 37 items/min)
2016-01-27 18:04:43 [scrapy] INFO: Crawled 30139 pages (at 72 pages/min), scraped 14804 items (at 36 items/min)
2016-01-27 18:05:43 [scrapy] INFO: Crawled 30203 pages (at 64 pages/min), scraped 14827 items (at 23 items/min)
2016-01-27 18:06:43 [scrapy] INFO: Crawled 30259 pages (at 56 pages/min), scraped 14858 items (at 31 items/min)
2016-01-27 18:07:43 [scrapy] INFO: Crawled 30332 pages (at 73 pages/min), scraped 14898 items (at 40 items/min)
2016-01-27 18:08:43 [scrapy] INFO: Crawled 30397 pages (at 65 pages/min), scraped 14921 items (at 23 items/min)
2016-01-27 18:09:43 [scrapy] INFO: Crawled 30453 pages (at 56 pages/min), scraped 14954 items (at 33 items/min)
2016-01-27 18:10:43 [scrapy] INFO: Crawled 30521 pages (at 68 pages/min), scraped 14988 items (at 34 items/min)
2016-01-27 18:11:43 [scrapy] INFO: Crawled 30584 pages (at 63 pages/min), scraped 15018 items (at 30 items/min)
2016-01-27 18:12:43 [scrapy] INFO: Crawled 30650 pages (at 66 pages/min), scraped 15046 items (at 28 items/min)
2016-01-27 18:13:43 [scrapy] INFO: Crawled 30713 pages (at 63 pages/min), scraped 15077 items (at 31 items/min)
2016-01-27 18:14:43 [scrapy] INFO: Crawled 30773 pages (at 60 pages/min), scraped 15103 items (at 26 items/min)
2016-01-27 18:15:43 [scrapy] INFO: Crawled 30840 pages (at 67 pages/min), scraped 15144 items (at 41 items/min)
2016-01-27 18:16:43 [scrapy] INFO: Crawled 30912 pages (at 72 pages/min), scraped 15173 items (at 29 items/min)
2016-01-27 18:17:43 [scrapy] INFO: Crawled 30966 pages (at 54 pages/min), scraped 15199 items (at 26 items/min)
2016-01-27 18:18:43 [scrapy] INFO: Crawled 31038 pages (at 72 pages/min), scraped 15243 items (at 44 items/min)
2016-01-27 18:19:43 [scrapy] INFO: Crawled 31107 pages (at 69 pages/min), scraped 15266 items (at 23 items/min)
2016-01-27 18:20:43 [scrapy] INFO: Crawled 31157 pages (at 50 pages/min), scraped 15289 items (at 23 items/min)
2016-01-27 18:21:43 [scrapy] INFO: Crawled 31224 pages (at 67 pages/min), scraped 15330 items (at 41 items/min)
2016-01-27 18:22:43 [scrapy] INFO: Crawled 31294 pages (at 70 pages/min), scraped 15359 items (at 29 items/min)
2016-01-27 18:23:43 [scrapy] INFO: Crawled 31349 pages (at 55 pages/min), scraped 15383 items (at 24 items/min)
2016-01-27 18:24:43 [scrapy] INFO: Crawled 31414 pages (at 65 pages/min), scraped 15420 items (at 37 items/min)
2016-01-27 18:25:43 [scrapy] INFO: Crawled 31484 pages (at 70 pages/min), scraped 15453 items (at 33 items/min)
2016-01-27 18:26:43 [scrapy] INFO: Crawled 31548 pages (at 64 pages/min), scraped 15478 items (at 25 items/min)
2016-01-27 18:27:43 [scrapy] INFO: Crawled 31607 pages (at 59 pages/min), scraped 15511 items (at 33 items/min)
2016-01-27 18:28:43 [scrapy] INFO: Crawled 31675 pages (at 68 pages/min), scraped 15547 items (at 36 items/min)
2016-01-27 18:29:43 [scrapy] INFO: Crawled 31745 pages (at 70 pages/min), scraped 15576 items (at 29 items/min)
2016-01-27 18:30:43 [scrapy] INFO: Crawled 31801 pages (at 56 pages/min), scraped 15603 items (at 27 items/min)
2016-01-27 18:31:43 [scrapy] INFO: Crawled 31873 pages (at 72 pages/min), scraped 15640 items (at 37 items/min)
2016-01-27 18:32:43 [scrapy] INFO: Crawled 31937 pages (at 64 pages/min), scraped 15666 items (at 26 items/min)
2016-01-27 18:33:43 [scrapy] INFO: Crawled 31998 pages (at 61 pages/min), scraped 15698 items (at 32 items/min)
2016-01-27 18:34:43 [scrapy] INFO: Crawled 32066 pages (at 68 pages/min), scraped 15730 items (at 32 items/min)
2016-01-27 18:35:43 [scrapy] INFO: Crawled 32131 pages (at 65 pages/min), scraped 15759 items (at 29 items/min)
2016-01-27 18:36:43 [scrapy] INFO: Crawled 32195 pages (at 64 pages/min), scraped 15790 items (at 31 items/min)
2016-01-27 18:37:43 [scrapy] INFO: Crawled 32259 pages (at 64 pages/min), scraped 15820 items (at 30 items/min)
2016-01-27 18:38:43 [scrapy] INFO: Crawled 32322 pages (at 63 pages/min), scraped 15852 items (at 32 items/min)
2016-01-27 18:39:43 [scrapy] INFO: Crawled 32392 pages (at 70 pages/min), scraped 15886 items (at 34 items/min)
2016-01-27 18:40:43 [scrapy] INFO: Crawled 32449 pages (at 57 pages/min), scraped 15908 items (at 22 items/min)
2016-01-27 18:41:43 [scrapy] INFO: Crawled 32515 pages (at 66 pages/min), scraped 15948 items (at 40 items/min)
2016-01-27 18:42:43 [scrapy] INFO: Crawled 32590 pages (at 75 pages/min), scraped 15982 items (at 34 items/min)
2016-01-27 18:43:43 [scrapy] INFO: Crawled 32649 pages (at 59 pages/min), scraped 16005 items (at 23 items/min)
2016-01-27 18:44:43 [scrapy] INFO: Crawled 32710 pages (at 61 pages/min), scraped 16039 items (at 34 items/min)
2016-01-27 19:22:50 [scrapy] INFO: Crawled 32776 pages (at 66 pages/min), scraped 16071 items (at 32 items/min)
2016-01-27 19:23:43 [scrapy] INFO: Crawled 32820 pages (at 44 pages/min), scraped 16083 items (at 12 items/min)
2016-01-27 19:24:43 [scrapy] INFO: Crawled 32886 pages (at 66 pages/min), scraped 16121 items (at 38 items/min)
2016-01-27 19:25:43 [scrapy] INFO: Crawled 32954 pages (at 68 pages/min), scraped 16147 items (at 26 items/min)
2016-01-27 19:26:43 [scrapy] INFO: Crawled 33012 pages (at 58 pages/min), scraped 16175 items (at 28 items/min)
2016-01-27 19:27:43 [scrapy] INFO: Crawled 33081 pages (at 69 pages/min), scraped 16213 items (at 38 items/min)
2016-01-27 19:28:43 [scrapy] INFO: Crawled 33149 pages (at 68 pages/min), scraped 16239 items (at 26 items/min)
2016-01-27 19:29:43 [scrapy] INFO: Crawled 33202 pages (at 53 pages/min), scraped 16266 items (at 27 items/min)
2016-01-27 19:30:43 [scrapy] INFO: Crawled 33276 pages (at 74 pages/min), scraped 16311 items (at 45 items/min)
2016-01-27 19:31:43 [scrapy] INFO: Crawled 33341 pages (at 65 pages/min), scraped 16330 items (at 19 items/min)
2016-01-27 19:32:43 [scrapy] INFO: Crawled 33392 pages (at 51 pages/min), scraped 16360 items (at 30 items/min)
2016-01-27 19:33:43 [scrapy] INFO: Crawled 33473 pages (at 81 pages/min), scraped 16403 items (at 43 items/min)
2016-01-27 19:34:43 [scrapy] INFO: Crawled 33531 pages (at 58 pages/min), scraped 16416 items (at 13 items/min)
2016-01-27 19:35:43 [scrapy] INFO: Crawled 33583 pages (at 52 pages/min), scraped 16455 items (at 39 items/min)
2016-01-27 19:36:43 [scrapy] INFO: Crawled 33665 pages (at 82 pages/min), scraped 16494 items (at 39 items/min)
2016-01-27 19:36:53 [scrapy] INFO: Received SIGINT, shutting down gracefully. Send again to force 
2016-01-27 19:36:53 [scrapy] INFO: Closing spider (shutdown)
2016-01-27 19:37:43 [scrapy] INFO: Crawled 33697 pages (at 32 pages/min), scraped 16507 items (at 13 items/min)
2016-01-27 19:37:47 [scrapy] INFO: Dumping Scrapy stats:
{'downloader/exception_count': 53,
 'downloader/exception_type_count/twisted.internet.error.NoRouteError': 12,
 'downloader/exception_type_count/twisted.internet.error.TimeoutError': 3,
 'downloader/exception_type_count/twisted.web._newclient.ResponseNeverReceived': 38,
 'downloader/request_bytes': 65244840,
 'downloader/request_count': 50966,
 'downloader/request_method_count/GET': 50965,
 'downloader/request_method_count/POST': 1,
 'downloader/response_bytes': 596689442,
 'downloader/response_count': 50913,
 'downloader/response_status_count/200': 33698,
 'downloader/response_status_count/302': 17215,
 'dupefilter/filtered': 175773,
 'finish_reason': 'shutdown',
 'finish_time': datetime.datetime(2016, 1, 27, 11, 37, 47, 606174),
 'item_scraped_count': 16508,
 'log_count/INFO': 528,
 'log_count/WARNING': 1,
 'request_depth_max': 669,
 'response_received_count': 33698,
 'scheduler/dequeued': 50966,
 'scheduler/dequeued/memory': 50966,
 'scheduler/enqueued': 150086,
 'scheduler/enqueued/memory': 150086,
 'start_time': datetime.datetime(2016, 1, 27, 2, 20, 43, 765123)}
2016-01-27 19:37:47 [scrapy] INFO: Spider closed (shutdown)
